0 info it worked if it ends with ok
1 verbose cli [ 'E:\\Program Files\\iojs\\node.exe',
1 verbose cli   'E:\\Program Files\\iojs\\node_modules\\npm\\bin\\npm-cli.js',
1 verbose cli   'run',
1 verbose cli   'build' ]
2 info using npm@2.13.3
3 info using node@v3.0.0
4 verbose run-script [ 'prebuild', 'build', 'postbuild' ]
5 info prebuild addressbook@0.1.0
6 verbose unsafe-perm in lifecycle true
7 info build addressbook@0.1.0
8 verbose unsafe-perm in lifecycle true
9 info addressbook@0.1.0 Failed to exec build script
10 verbose stack Error: addressbook@0.1.0 build: `npm run build:css && npm run build:js`
10 verbose stack Exit status 1
10 verbose stack     at EventEmitter.<anonymous> (E:\Program Files\iojs\node_modules\npm\lib\utils\lifecycle.js:214:16)
10 verbose stack     at emitTwo (events.js:87:13)
10 verbose stack     at EventEmitter.emit (events.js:172:7)
10 verbose stack     at ChildProcess.<anonymous> (E:\Program Files\iojs\node_modules\npm\lib\utils\spawn.js:24:14)
10 verbose stack     at emitTwo (events.js:87:13)
10 verbose stack     at ChildProcess.emit (events.js:172:7)
10 verbose stack     at maybeClose (internal/child_process.js:764:16)
10 verbose stack     at Process.ChildProcess._handle.onexit (internal/child_process.js:211:5)
11 verbose pkgid addressbook@0.1.0
12 verbose cwd D:\wamp\www\AddressBook
13 error Windows_NT 6.1.7601
14 error argv "E:\\Program Files\\iojs\\node.exe" "E:\\Program Files\\iojs\\node_modules\\npm\\bin\\npm-cli.js" "run" "build"
15 error node v3.0.0
16 error npm  v2.13.3
17 error code ELIFECYCLE
18 error addressbook@0.1.0 build: `npm run build:css && npm run build:js`
18 error Exit status 1
19 error Failed at the addressbook@0.1.0 build script 'npm run build:css && npm run build:js'.
19 error This is most likely a problem with the addressbook package,
19 error not with npm itself.
19 error Tell the author that this fails on your system:
19 error     npm run build:css && npm run build:js
19 error You can get their info via:
19 error     npm owner ls addressbook
19 error There is likely additional logging output above.
20 verbose exit [ 1, true ]
